{"numFailedTestSuites":0,"numFailedTests":0,"numPassedTestSuites":1,"numPassedTests":19,"numPendingTestSuites":0,"numPendingTests":0,"numRuntimeErrorTestSuites":0,"numTodoTests":0,"numTotalTestSuites":1,"numTotalTests":19,"openHandles":[],"snapshot":{"added":0,"didUpdate":false,"failure":false,"filesAdded":0,"filesRemoved":0,"filesRemovedList":[],"filesUnmatched":0,"filesUpdated":0,"matched":0,"total":0,"unchecked":0,"uncheckedKeysByFile":[],"unmatched":0,"updated":0},"startTime":1765142744568,"success":true,"testResults":[{"assertionResults":[{"ancestorTitles":["QuizService","calculateStarRating"],"failureMessages":[],"fullName":"QuizService calculateStarRating returns 5 stars for perfect score","location":null,"status":"passed","title":"returns 5 stars for perfect score"},{"ancestorTitles":["QuizService","calculateStarRating"],"failureMessages":[],"fullName":"QuizService calculateStarRating returns 4 stars for 80-99%","location":null,"status":"passed","title":"returns 4 stars for 80-99%"},{"ancestorTitles":["QuizService","calculateStarRating"],"failureMessages":[],"fullName":"QuizService calculateStarRating returns 3 stars for 60-79%","location":null,"status":"passed","title":"returns 3 stars for 60-79%"},{"ancestorTitles":["QuizService","calculateStarRating"],"failureMessages":[],"fullName":"QuizService calculateStarRating returns 2 stars for 40-59%","location":null,"status":"passed","title":"returns 2 stars for 40-59%"},{"ancestorTitles":["QuizService","calculateStarRating"],"failureMessages":[],"fullName":"QuizService calculateStarRating returns 1 star for below 40%","location":null,"status":"passed","title":"returns 1 star for below 40%"},{"ancestorTitles":["QuizService","calculateScore"],"failureMessages":[],"fullName":"QuizService calculateScore calculates percentage correctly","location":null,"status":"passed","title":"calculates percentage correctly"},{"ancestorTitles":["QuizService","calculateScore"],"failureMessages":[],"fullName":"QuizService calculateScore rounds to nearest integer","location":null,"status":"passed","title":"rounds to nearest integer"},{"ancestorTitles":["QuizService","session history"],"failureMessages":[],"fullName":"QuizService session history saves completed session to history","location":null,"status":"passed","title":"saves completed session to history"},{"ancestorTitles":["QuizService","session history"],"failureMessages":[],"fullName":"QuizService session history adds new sessions to beginning of history","location":null,"status":"passed","title":"adds new sessions to beginning of history"},{"ancestorTitles":["QuizService","session history"],"failureMessages":[],"fullName":"QuizService session history limits history to 50 sessions","location":null,"status":"passed","title":"limits history to 50 sessions"},{"ancestorTitles":["QuizService","session history"],"failureMessages":[],"fullName":"QuizService session history returns limited history when limit specified","location":null,"status":"passed","title":"returns limited history when limit specified"},{"ancestorTitles":["QuizService","session history"],"failureMessages":[],"fullName":"QuizService session history returns empty array when no history exists","location":null,"status":"passed","title":"returns empty array when no history exists"},{"ancestorTitles":["QuizService","user statistics"],"failureMessages":[],"fullName":"QuizService user statistics returns default stats when none exist","location":null,"status":"passed","title":"returns default stats when none exist"},{"ancestorTitles":["QuizService","user statistics"],"failureMessages":[],"fullName":"QuizService user statistics updates stats after completing session","location":null,"status":"passed","title":"updates stats after completing session"},{"ancestorTitles":["QuizService","user statistics"],"failureMessages":[],"fullName":"QuizService user statistics updates quiz type specific stats","location":null,"status":"passed","title":"updates quiz type specific stats"},{"ancestorTitles":["QuizService","user statistics"],"failureMessages":[],"fullName":"QuizService user statistics calculates average correctly across multiple sessions","location":null,"status":"passed","title":"calculates average correctly across multiple sessions"},{"ancestorTitles":["QuizService","preferences"],"failureMessages":[],"fullName":"QuizService preferences returns default preferences when none exist","location":null,"status":"passed","title":"returns default preferences when none exist"},{"ancestorTitles":["QuizService","preferences"],"failureMessages":[],"fullName":"QuizService preferences saves and loads preferences","location":null,"status":"passed","title":"saves and loads preferences"},{"ancestorTitles":["QuizService","clearAllData"],"failureMessages":[],"fullName":"QuizService clearAllData clears all service data","location":null,"status":"passed","title":"clears all service data"}],"endTime":1765142744667,"message":"","name":"/Users/mayank/mayank/workspace/projects/math-app/app/src/shared/services/__tests__/QuizService.test.ts","startTime":1765142744584,"status":"passed","summary":""}],"wasInterrupted":false}